<?xml version="1.0" encoding="UTF-8"?>
<testng-results skipped="0" failed="0" ignored="0" total="1" passed="1">
  <reporter-output>
  </reporter-output>
  <suite name="Default suite" duration-ms="19201" started-at="2019-05-21T18:02:06Z" finished-at="2019-05-21T18:02:25Z">
    <groups>
    </groups>
    <test name="Default test" duration-ms="19201" started-at="2019-05-21T18:02:06Z" finished-at="2019-05-21T18:02:25Z">
      <class name="DefaultPackage.PageTest">
        <test-method status="PASS" signature="setUp()[pri:0, instance:DefaultPackage.PageTest@6cc4c815]" name="setUp" is-config="true" duration-ms="15881" started-at="2019-05-21T18:02:06Z" finished-at="2019-05-21T18:02:22Z">
          <reporter-output>
          </reporter-output>
        </test-method> <!-- setUp -->
        <test-method status="PASS" signature="testMethod1()[pri:0, instance:DefaultPackage.PageTest@6cc4c815]" name="testMethod1" duration-ms="2269" started-at="2019-05-21T18:02:22Z" finished-at="2019-05-21T18:02:24Z">
          <reporter-output>
          </reporter-output>
        </test-method> <!-- testMethod1 -->
        <test-method status="PASS" signature="tearDown()[pri:0, instance:DefaultPackage.PageTest@6cc4c815]" name="tearDown" is-config="true" duration-ms="995" started-at="2019-05-21T18:02:24Z" finished-at="2019-05-21T18:02:25Z">
          <reporter-output>
          </reporter-output>
        </test-method> <!-- tearDown -->
      </class> <!-- DefaultPackage.PageTest -->
    </test> <!-- Default test -->
  </suite> <!-- Default suite -->
</testng-results>
